1564154101971:C 10 10
1564154109115:L 1 1 1 10
1564157123057:C 1 1
1564327899156:help
1564327903163:add 1 2
1564327909182:C 10 10
1564327915195:L 1 1 10 1
1564327929218:exit
1564328429752:C 1 1
1564340451446:C 10 10
1564340458454:B 1 1 p
1564344542084:help
1564344548090:Q
1564344651157:C 1 1
1564346583697:help
1564346584199:C 10 10
1564346593467:L 1 1 1 1
1564346598469:L 1 2 3 4
1564346608505:L 1 1 10 1
1564347497995:C 10 10
1564347505044:L 10 1 1 1
1564348042305:C 1 1
1564348087235:C 10 10
1564348092377:R 1 1 10 10
1564348098687:B 1 1 p
1564348110086:B 1 2 l
1564348118186:B 2 2 K
1564348121289:Q
1564348139298:C 10 10
1564348147323:L 1 2 3 4
1564348150840:Q
1564491876036:help
1564491880047:C 10 10
1564927947448:help
1564927978524:Q
1565173743249:help
1565174037742:C 10 10
1565174048758:R 1 1 3 3
1565174075848:help
1565174083861:R 3 3 5 5
1565174089867:f
1565174107994:L 1 1 3 1
1565175173059:help
1565175177070:C 1 1 7 7
1565175182078:C 100 100
1565175188091:C 80 80
1565175196109:L 1 1 10 1
1565175211143:C 10 10
1565175217172:L 1 1 5 1
1565175462871:help
1565175466875:C 10 10
1565175472909:L 1 1 2 1
1565175657229:C 10 10
1565175667261:L 2 2 3 2
1565175991051:help]
1565175997064:C 10 10
1565176008084:L 1 1 1 4
1565176642248:help
1565176646254:C 9 9
1565176654267:L 2 2 2 4
1565177747372:C 9 9
1565177753384:R 1 1 2 1
1565177765407:L  3 3 3 6
1565258657135:help
1565258661147:C 10 10
1565258666167:L 1 1 1 4
1565259760051:help
1565259764056:C 10 10
1565259774084:L 1 1 2 1
1565259779098:C -1 1 1 1
1565259789121:C -3 4
1565259803167:C 0 1
1565270840520:C 10 10
1565270847538:L 1 1 4 1
1565270953838:C 10 10
1565270959861:L 1 1 1 3 1
1565270967878:L 1 1 3 1
1565271703783:C 10 10
1565271711802:B 3 3
1565271717849:B 4 4 f
1565271721821:exit
1565272032856:help
1565272037864:C 10 10
1565272044887:R 2 2 8 8
1565463432761:help
1565463437764:C 10 10
1565463444783:R 1 1 3 3
1565463451801:B 4 4 t
1565463458811:exit
1565605140112:C 1 1
1565605312619:C 10 10
1565605314147:0
1565605322169:R 3 3 5 6
1565605332188:B 4 4 r
1565605346218:Q
1565619752799:help
1565619756807:C 10 10
1565621047272:help
1565621055280:C 10 10
1565621060293:R 1 1 4 4
1565621063301:Q
1565685241926:help
1565685244930:C 10 10
1565685249944:R 3 3 5 6
1565685254956:B 4 4 t
1565685258962:Q
1565692729800:help
1565692734809:C 10 10
1565692740812:R 1 1 7 7
1565692749816:f
1565692756832:L 1 1 5 1
1565692897125:help
1565692901126:C 10 10
1565693005104:help
1565693009116:C 10 10
1565693019129:L 2 3 2 6
1565693144292:C 10 10
1565693150305:L 1 1 4 7
1565705154324:help
1565705158328:C 10 10
1565705165344:L 1 1 3 1
1565705183392:R 2 2 9 9
1565705223462:R 1 1 3 3
1565705451572:help
1565705455574:C 10 10
1565705463588:R 1 1 4 4
1565705537025:help
1565705541034:C 10 10
1565705546047:R 1 1 4 5
1565705688008:рудз
1565705690003:help
1565705693009:C 10 10
1565705698017:R 1 1 4 4
1565705836061:help
1565705839070:C 10 10
1565705846087:L 2 2 4 2
1565705854109:R 1 1 6 6
1565705865128:B 4 4 o
1565705869138:Q
1565706391983:C 1 1
1565707575668:help
1565707579602:C 10 10
1565707583616:R 1 1 9 9
1565708860635:рудз
1565708863636:help
1565708867639:C 10 10
1565708873653:R 1 1 4 4
1565708936676:C 10 10
1565710198783:help
1565710201792:C 10 10
1565710319452:help
1565710323457:C 10 10
1565710349511:Q
1565710518542:help
1565710522552:C 10 10
1565710532558:Q
1565711537483:help
1565711541496:C 10 10
1565711810305:help
1565711813312:C 10 10
1565711819333:R 3 3 6 6
1565711824348:B 4 4 t
1565711828347:Q
1566994190828:C 1 1
1566994485285:help
1566994489293:C 10 10
1566994494313:R 1 1 3 4
1566994529385:Q
1566994758622:help
1566994762633:C 10 10
1566994773665:Q
1566995056930:C 10 10
1567006239096:C 1 1
1567184925428:help
1567184929431:C 10 10
1567184934448:R 1 1 4 4
1567184956498:L 1 1 4 1
1567185264609:C 10 10
1567185269620:R 1 1 4 4
1567185368444:C 10 10
1567185374464:R 1 1 4 4
1567586880925:help
1567586884943:C 10 10
1567586889954:L 1 1 4 1
1567586893959:Q
1568128847954:help
1568128851966:C 10 10
1568128858978:L 1 1 3 1
1568128873005:f
1568128906071:L 1 1 3 1
1568129178926:help
1568129186956:C 20 20
1568129194980:L 2 2 5 2
1568129616942:C 10 10
1568129621951:K 1 1 3 1
1568129629978:L 1 1 3 1
1568129903146:C 10 10
1568129908161:L 1 1 3 1
1568130718526:C 10 10
1568130739572:L 1 1 3 1
1568130872019:C 10 10
1568130876025:L 1 1 3 1
